This file contains any messages produced by compilers while
running configure, to aid debugging if configure makes a mistake.

It was created by configure, which was
generated by GNU Autoconf 2.69.  Invocation command line was

  $ ./configure 

## --------- ##
## Platform. ##
## --------- ##

hostname = ceverett-mbp.local
uname -m = x86_64
uname -r = 17.5.0
uname -s = Darwin
uname -v = Darwin Kernel Version 17.5.0: Mon Mar  5 22:24:32 PST 2018; root:xnu-4570.51.1~1/RELEASE_X86_64

/usr/bin/uname -p = i386
/bin/uname -X     = unknown

/bin/arch              = unknown
/usr/bin/arch -k       = unknown
/usr/convex/getsysinfo = unknown
/usr/bin/hostinfo      = Mach kernel version:
	 Darwin Kernel Version 17.5.0: Mon Mar  5 22:24:32 PST 2018; root:xnu-4570.51.1~1/RELEASE_X86_64
Kernel configured for up to 8 processors.
4 processors are physically available.
8 processors are logically available.
Processor type: x86_64h (Intel x86-64h Haswell)
Processors active: 0 1 2 3 4 5 6 7
Primary memory available: 16.00 gigabytes
Default processor set: 422 tasks, 2140 threads, 8 processors
Load average: 2.14, Mach factor: 5.85
/bin/machine           = unknown
/usr/bin/oslevel       = unknown
/bin/universe          = unknown

PATH: /Users/ceverett/.nvm/versions/node/v9.11.1/bin
PATH: /usr/local/google-cloud-sdk/bin
PATH: /usr/local/bin
PATH: /usr/bin
PATH: /bin
PATH: /usr/sbin
PATH: /sbin
PATH: /Applications/VMware Fusion.app/Contents/Public
PATH: /usr/local/go/bin
PATH: /usr/local/share/dotnet
PATH: /Library/Frameworks/Mono.framework/Versions/Current/Commands
PATH: /Applications/Xamarin Workbooks.app/Contents/SharedSupport/path-bin
PATH: /Users/ceverett/go/bin


## ----------- ##
## Core tests. ##
## ----------- ##

configure:2456: checking build system type
configure:2470: result: x86_64-apple-darwin17.5.0
configure:2490: checking host system type
configure:2503: result: x86_64-apple-darwin17.5.0
configure:2544: checking how to print strings
configure:2571: result: printf
configure:2643: checking for gcc
configure:2659: found /usr/bin/gcc
configure:2670: result: gcc
configure:2899: checking for C compiler version
configure:2908: gcc --version >&5
Apple LLVM version 9.0.0 (clang-900.0.39.2)
Target: x86_64-apple-darwin17.5.0
Thread model: posix
InstalledDir: /Applications/Xcode.app/Contents/Developer/Toolchains/XcodeDefault.xctoolchain/usr/bin
Configured with: --prefix=/Applications/Xcode.app/Contents/Developer/usr --with-gxx-include-dir=/usr/include/c++/4.2.1
configure:2919: $? = 0
configure:2908: gcc -v >&5
Configured with: --prefix=/Applications/Xcode.app/Contents/Developer/usr --with-gxx-include-dir=/usr/include/c++/4.2.1
Apple LLVM version 9.0.0 (clang-900.0.39.2)
Target: x86_64-apple-darwin17.5.0
Thread model: posix
InstalledDir: /Applications/Xcode.app/Contents/Developer/Toolchains/XcodeDefault.xctoolchain/usr/bin
configure:2919: $? = 0
configure:2908: gcc -V >&5
clang: error: argument to '-V' is missing (expected 1 value)
clang: error: no input files
configure:2919: $? = 1
configure:2908: gcc -qversion >&5
clang: error: unknown argument: '-qversion'
clang: error: no input files
configure:2919: $? = 1
configure:2939: checking whether the C compiler works
configure:2961: gcc    conftest.c  >&5
configure:2965: $? = 0
configure:3013: result: yes
configure:3016: checking for C compiler default output file name
configure:3018: result: a.out
configure:3024: checking for suffix of executables
configure:3031: gcc -o conftest    conftest.c  >&5
configure:3035: $? = 0
configure:3057: result: 
configure:3079: checking whether we are cross compiling
configure:3087: gcc -o conftest    conftest.c  >&5
configure:3091: $? = 0
configure:3098: ./conftest
configure:3102: $? = 0
configure:3117: result: no
configure:3122: checking for suffix of object files
configure:3144: gcc -c   conftest.c >&5
configure:3148: $? = 0
configure:3169: result: o
configure:3173: checking whether we are using the GNU C compiler
configure:3192: gcc -c   conftest.c >&5
configure:3192: $? = 0
configure:3201: result: yes
configure:3210: checking whether gcc accepts -g
configure:3230: gcc -c -g  conftest.c >&5
configure:3230: $? = 0
configure:3271: result: yes
configure:3288: checking for gcc option to accept ISO C89
configure:3351: gcc  -c -g -O2  conftest.c >&5
configure:3351: $? = 0
configure:3364: result: none needed
configure:3389: checking whether gcc understands -c and -o together
configure:3411: gcc -c conftest.c -o conftest2.o
configure:3414: $? = 0
configure:3411: gcc -c conftest.c -o conftest2.o
configure:3414: $? = 0
configure:3426: result: yes
configure:3443: checking for a sed that does not truncate output
configure:3507: result: /usr/bin/sed
configure:3525: checking for grep that handles long lines and -e
configure:3583: result: /usr/bin/grep
configure:3588: checking for egrep
configure:3650: result: /usr/bin/grep -E
configure:3655: checking for fgrep
configure:3717: result: /usr/bin/grep -F
configure:3752: checking for ld used by gcc
configure:3819: result: /Applications/Xcode.app/Contents/Developer/Toolchains/XcodeDefault.xctoolchain/usr/bin/ld
configure:3826: checking if the linker (/Applications/Xcode.app/Contents/Developer/Toolchains/XcodeDefault.xctoolchain/usr/bin/ld) is GNU ld
configure:3841: result: no
configure:3853: checking for BSD- or MS-compatible name lister (nm)
configure:3902: result: /usr/bin/nm -B
configure:4032: checking the name lister (/usr/bin/nm -B) interface
configure:4039: gcc -c -g -O2  conftest.c >&5
configure:4042: /usr/bin/nm -B "conftest.o"
configure:4045: output
00000000000001e0 S _some_variable
configure:4052: result: BSD nm
configure:4055: checking whether ln -s works
configure:4059: result: yes
configure:4067: checking the maximum length of command line arguments
configure:4192: result: 196608
configure:4209: checking whether the shell understands some XSI constructs
configure:4219: result: yes
configure:4223: checking whether the shell understands "+="
configure:4229: result: yes
configure:4264: checking how to convert x86_64-apple-darwin17.5.0 file names to x86_64-apple-darwin17.5.0 format
configure:4304: result: func_convert_file_noop
configure:4311: checking how to convert x86_64-apple-darwin17.5.0 file names to toolchain format
configure:4331: result: func_convert_file_noop
configure:4338: checking for /Applications/Xcode.app/Contents/Developer/Toolchains/XcodeDefault.xctoolchain/usr/bin/ld option to reload object files
configure:4345: result: -r
configure:4419: checking for objdump
configure:4435: found /usr/bin/objdump
configure:4446: result: objdump
configure:4475: checking how to recognize dependent libraries
configure:4677: result: pass_all
configure:4762: checking for dlltool
configure:4792: result: no
configure:4819: checking how to associate runtime and link libraries
configure:4846: result: printf %s\n
configure:4907: checking for ar
configure:4923: found /usr/bin/ar
configure:4934: result: ar
configure:4971: checking for archiver @FILE support
configure:4988: gcc -c -g -O2  conftest.c >&5
configure:4988: $? = 0
configure:4991: ar cru libconftest.a @conftest.lst >&5
ar: @conftest.lst: No such file or directory
configure:4994: $? = 1
configure:5014: result: no
configure:5072: checking for strip
configure:5088: found /usr/bin/strip
configure:5099: result: strip
configure:5171: checking for ranlib
configure:5187: found /usr/bin/ranlib
configure:5198: result: ranlib
configure:5275: checking for gawk
configure:5305: result: no
configure:5275: checking for mawk
configure:5305: result: no
configure:5275: checking for nawk
configure:5305: result: no
configure:5275: checking for awk
configure:5291: found /usr/bin/awk
configure:5302: result: awk
configure:5342: checking command to parse /usr/bin/nm -B output from gcc object
configure:5461: gcc -c -g -O2  conftest.c >&5
configure:5464: $? = 0
configure:5468: /usr/bin/nm -B conftest.o \| sed -n -e 's/^.*[ ]\([BCDEGRST][BCDEGRST]*\)[ ][ ]*\([_A-Za-z][_A-Za-z0-9]*\)$/\1 \2 \2/p' | sed '/ __gnu_lto/d' \> conftest.nm
configure:5471: $? = 0
cannot find nm_test_var in conftest.nm
configure:5461: gcc -c -g -O2  conftest.c >&5
configure:5464: $? = 0
configure:5468: /usr/bin/nm -B conftest.o \| sed -n -e 's/^.*[ ]\([BCDEGRST][BCDEGRST]*\)[ ][ ]*_\([_A-Za-z][_A-Za-z0-9]*\)$/\1 _\2 \2/p' | sed '/ __gnu_lto/d' \> conftest.nm
configure:5471: $? = 0
configure:5537: gcc -o conftest -g -O2   conftest.c conftstm.o >&5
warning: (x86_64)  could not find object file symbol for symbol _main
configure:5540: $? = 0
configure:5578: result: ok
configure:5615: checking for sysroot
configure:5645: result: no
configure:5888: checking for mt
configure:5918: result: no
configure:5938: checking if : is a manifest tool
configure:5944: : '-?'
configure:5952: result: no
configure:6008: checking for dsymutil
configure:6024: found /usr/bin/dsymutil
configure:6035: result: dsymutil
configure:6100: checking for nmedit
configure:6116: found /usr/bin/nmedit
configure:6127: result: nmedit
configure:6192: checking for lipo
configure:6208: found /usr/bin/lipo
configure:6219: result: lipo
configure:6284: checking for otool
configure:6300: found /usr/bin/otool
configure:6311: result: otool
configure:6376: checking for otool64
configure:6406: result: no
configure:6451: checking for -single_module linker flag
gcc -g -O2  -o libconftest.dylib -dynamiclib -Wl,-single_module conftest.c
configure:6478: result: yes
configure:6480: checking for -exported_symbols_list linker flag
configure:6500: gcc -o conftest -g -O2   -Wl,-exported_symbols_list,conftest.sym conftest.c  >&5
configure:6500: $? = 0
configure:6510: result: yes
configure:6512: checking for -force_load linker flag
gcc -g -O2 -c -o conftest.o conftest.c
ar cru libconftest.a conftest.o
ranlib libconftest.a
gcc -g -O2  -o conftest conftest.c -Wl,-force_load,./libconftest.a
warning: (x86_64)  could not find object file symbol for symbol _forced_loaded
configure:6542: result: no
configure:6584: checking how to run the C preprocessor
configure:6615: gcc -E  conftest.c
configure:6615: $? = 0
configure:6629: gcc -E  conftest.c
conftest.c:9:10: fatal error: 'ac_nonexistent.h' file not found
#include <ac_nonexistent.h>
         ^~~~~~~~~~~~~~~~~~
1 error generated.
configure:6629: $? = 1
configure: failed program was:
| /* confdefs.h */
| #define PACKAGE_NAME ""
| #define PACKAGE_TARNAME ""
| #define PACKAGE_VERSION ""
| #define PACKAGE_STRING ""
| #define PACKAGE_BUGREPORT ""
| #define PACKAGE_URL ""
| /* end confdefs.h.  */
| #include <ac_nonexistent.h>
configure:6654: result: gcc -E
configure:6674: gcc -E  conftest.c
configure:6674: $? = 0
configure:6688: gcc -E  conftest.c
conftest.c:9:10: fatal error: 'ac_nonexistent.h' file not found
#include <ac_nonexistent.h>
         ^~~~~~~~~~~~~~~~~~
1 error generated.
configure:6688: $? = 1
configure: failed program was:
| /* confdefs.h */
| #define PACKAGE_NAME ""
| #define PACKAGE_TARNAME ""
| #define PACKAGE_VERSION ""
| #define PACKAGE_STRING ""
| #define PACKAGE_BUGREPORT ""
| #define PACKAGE_URL ""
| /* end confdefs.h.  */
| #include <ac_nonexistent.h>
configure:6717: checking for ANSI C header files
configure:6737: gcc -c -g -O2  conftest.c >&5
configure:6737: $? = 0
configure:6810: gcc -o conftest -g -O2   conftest.c  >&5
configure:6810: $? = 0
configure:6810: ./conftest
configure:6810: $? = 0
configure:6821: result: yes
configure:6834: checking for sys/types.h
configure:6834: gcc -c -g -O2  conftest.c >&5
configure:6834: $? = 0
configure:6834: result: yes
configure:6834: checking for sys/stat.h
configure:6834: gcc -c -g -O2  conftest.c >&5
configure:6834: $? = 0
configure:6834: result: yes
configure:6834: checking for stdlib.h
configure:6834: gcc -c -g -O2  conftest.c >&5
configure:6834: $? = 0
configure:6834: result: yes
configure:6834: checking for string.h
configure:6834: gcc -c -g -O2  conftest.c >&5
configure:6834: $? = 0
configure:6834: result: yes
configure:6834: checking for memory.h
configure:6834: gcc -c -g -O2  conftest.c >&5
configure:6834: $? = 0
configure:6834: result: yes
configure:6834: checking for strings.h
configure:6834: gcc -c -g -O2  conftest.c >&5
configure:6834: $? = 0
configure:6834: result: yes
configure:6834: checking for inttypes.h
configure:6834: gcc -c -g -O2  conftest.c >&5
configure:6834: $? = 0
configure:6834: result: yes
configure:6834: checking for stdint.h
configure:6834: gcc -c -g -O2  conftest.c >&5
configure:6834: $? = 0
configure:6834: result: yes
configure:6834: checking for unistd.h
configure:6834: gcc -c -g -O2  conftest.c >&5
configure:6834: $? = 0
configure:6834: result: yes
configure:6848: checking for dlfcn.h
configure:6848: gcc -c -g -O2  conftest.c >&5
configure:6848: $? = 0
configure:6848: result: yes
configure:7333: checking for objdir
configure:7348: result: .libs
configure:7619: checking if gcc supports -fno-rtti -fno-exceptions
configure:7637: gcc -c -g -O2  -fno-rtti -fno-exceptions conftest.c >&5
configure:7641: $? = 0
configure:7654: result: yes
configure:7964: checking for gcc option to produce PIC
configure:7971: result: -fno-common -DPIC
configure:7979: checking if gcc PIC flag -fno-common -DPIC works
configure:7997: gcc -c -g -O2  -fno-common -DPIC -DPIC conftest.c >&5
configure:8001: $? = 0
configure:8014: result: yes
configure:8043: checking if gcc static flag -static works
configure:8071: result: no
configure:8086: checking if gcc supports -c -o file.o
configure:8107: gcc -c -g -O2  -o out/conftest2.o conftest.c >&5
configure:8111: $? = 0
configure:8133: result: yes
configure:8141: checking if gcc supports -c -o file.o
configure:8188: result: yes
configure:8221: checking whether the gcc linker (/Applications/Xcode.app/Contents/Developer/Toolchains/XcodeDefault.xctoolchain/usr/bin/ld) supports shared libraries
configure:9379: result: yes
configure:9624: checking dynamic linker characteristics
configure:10360: result: darwin17.5.0 dyld
configure:10467: checking how to hardcode library paths into programs
configure:10492: result: immediate
configure:11032: checking whether stripping libraries is possible
configure:11046: result: yes
configure:11072: checking if libtool supports shared libraries
configure:11074: result: yes
configure:11077: checking whether to build shared libraries
configure:11098: result: yes
configure:11101: checking whether to build static libraries
configure:11105: result: yes
configure:11169: checking for a BSD-compatible install
configure:11237: result: /usr/bin/install -c
configure:11248: checking whether build environment is sane
configure:11303: result: yes
configure:11338: WARNING: 'missing' script is too old or missing
configure:11451: checking for a thread-safe mkdir -p
configure:11490: result: ./install-sh -c -d
configure:11493: checking whether make sets $(MAKE)
configure:11515: result: yes
configure:11537: checking whether make supports the include directive
configure:11552: make -f confmf.GNU && cat confinc.out
this is the am__doit target
configure:11555: $? = 0
configure:11574: result: yes (GNU style)
configure:11607: checking whether make supports nested variables
configure:11624: result: yes
configure:11710: checking dependency style of gcc
configure:11821: result: gcc3
configure:11929: checking for gcc
configure:11956: result: gcc
configure:12185: checking for C compiler version
configure:12194: gcc --version >&5
Apple LLVM version 9.0.0 (clang-900.0.39.2)
Target: x86_64-apple-darwin17.5.0
Thread model: posix
InstalledDir: /Applications/Xcode.app/Contents/Developer/Toolchains/XcodeDefault.xctoolchain/usr/bin
Configured with: --prefix=/Applications/Xcode.app/Contents/Developer/usr --with-gxx-include-dir=/usr/include/c++/4.2.1
configure:12205: $? = 0
configure:12194: gcc -v >&5
Configured with: --prefix=/Applications/Xcode.app/Contents/Developer/usr --with-gxx-include-dir=/usr/include/c++/4.2.1
Apple LLVM version 9.0.0 (clang-900.0.39.2)
Target: x86_64-apple-darwin17.5.0
Thread model: posix
InstalledDir: /Applications/Xcode.app/Contents/Developer/Toolchains/XcodeDefault.xctoolchain/usr/bin
configure:12205: $? = 0
configure:12194: gcc -V >&5
clang: error: argument to '-V' is missing (expected 1 value)
clang: error: no input files
configure:12205: $? = 1
configure:12194: gcc -qversion >&5
clang: error: unknown argument: '-qversion'
clang: error: no input files
configure:12205: $? = 1
configure:12209: checking whether we are using the GNU C compiler
configure:12237: result: yes
configure:12246: checking whether gcc accepts -g
configure:12307: result: yes
configure:12324: checking for gcc option to accept ISO C89
configure:12400: result: none needed
configure:12425: checking whether gcc understands -c and -o together
configure:12462: result: yes
configure:12533: checking for gcc
configure:12549: found /usr/bin/gcc
configure:12560: result: gcc
configure:12585: checking for Objective C compiler version
configure:12594: gcc --version >&5
Apple LLVM version 9.0.0 (clang-900.0.39.2)
Target: x86_64-apple-darwin17.5.0
Thread model: posix
InstalledDir: /Applications/Xcode.app/Contents/Developer/Toolchains/XcodeDefault.xctoolchain/usr/bin
Configured with: --prefix=/Applications/Xcode.app/Contents/Developer/usr --with-gxx-include-dir=/usr/include/c++/4.2.1
configure:12605: $? = 0
configure:12594: gcc -v >&5
Configured with: --prefix=/Applications/Xcode.app/Contents/Developer/usr --with-gxx-include-dir=/usr/include/c++/4.2.1
Apple LLVM version 9.0.0 (clang-900.0.39.2)
Target: x86_64-apple-darwin17.5.0
Thread model: posix
InstalledDir: /Applications/Xcode.app/Contents/Developer/Toolchains/XcodeDefault.xctoolchain/usr/bin
configure:12605: $? = 0
configure:12594: gcc -V >&5
clang: error: argument to '-V' is missing (expected 1 value)
clang: error: no input files
configure:12605: $? = 1
configure:12594: gcc -qversion >&5
clang: error: unknown argument: '-qversion'
clang: error: no input files
configure:12605: $? = 1
configure:12609: checking whether we are using the GNU Objective C compiler
configure:12628: gcc -c   conftest.m >&5
configure:12628: $? = 0
configure:12637: result: yes
configure:12646: checking whether gcc accepts -g
configure:12666: gcc -c -g  conftest.m >&5
configure:12666: $? = 0
configure:12707: result: yes
configure:12732: checking dependency style of gcc
configure:12841: result: gcc3
configure:12856: checking for inline
configure:12872: gcc -c -g -O2  conftest.c >&5
configure:12872: $? = 0
configure:12880: result: inline
configure:12899: checking whether make sets $(MAKE)
configure:12921: result: yes
configure:12939: checking for windres
configure:12969: result: no
configure:12939: checking for darwin17.5.0-windres
configure:12969: result: no
configure:13047: checking size of long
configure:13052: gcc -o conftest -g -O2 -O -DUSE_MMX   conftest.c  >&5
configure:13052: $? = 0
configure:13052: ./conftest
configure:13052: $? = 0
configure:13066: result: 8
configure:13132: checking for pkg-config
configure:13165: result: no
configure:13228: checking for SDL
configure:13323: checking for sdl2-config
configure:13354: result: no
configure:13363: checking for SDL - version >= 2.0.0
configure:13469: result: no
configure:13533: error: *** SDL version 2.0.0 not found!

## ---------------- ##
## Cache variables. ##
## ---------------- ##

ac_cv_build=x86_64-apple-darwin17.5.0
ac_cv_c_compiler_gnu=yes
ac_cv_c_inline=inline
ac_cv_env_CC_set=
ac_cv_env_CC_value=
ac_cv_env_CFLAGS_set=
ac_cv_env_CFLAGS_value=
ac_cv_env_CPPFLAGS_set=
ac_cv_env_CPPFLAGS_value=
ac_cv_env_CPP_set=
ac_cv_env_CPP_value=
ac_cv_env_LDFLAGS_set=
ac_cv_env_LDFLAGS_value=
ac_cv_env_LIBS_set=
ac_cv_env_LIBS_value=
ac_cv_env_OBJCFLAGS_set=
ac_cv_env_OBJCFLAGS_value=
ac_cv_env_OBJC_set=
ac_cv_env_OBJC_value=
ac_cv_env_PKG_CONFIG_set=
ac_cv_env_PKG_CONFIG_value=
ac_cv_env_SDL_CFLAGS_set=
ac_cv_env_SDL_CFLAGS_value=
ac_cv_env_SDL_LIBS_set=
ac_cv_env_SDL_LIBS_value=
ac_cv_env_build_alias_set=
ac_cv_env_build_alias_value=
ac_cv_env_host_alias_set=
ac_cv_env_host_alias_value=
ac_cv_env_target_alias_set=
ac_cv_env_target_alias_value=
ac_cv_header_dlfcn_h=yes
ac_cv_header_inttypes_h=yes
ac_cv_header_memory_h=yes
ac_cv_header_stdc=yes
ac_cv_header_stdint_h=yes
ac_cv_header_stdlib_h=yes
ac_cv_header_string_h=yes
ac_cv_header_strings_h=yes
ac_cv_header_sys_stat_h=yes
ac_cv_header_sys_types_h=yes
ac_cv_header_unistd_h=yes
ac_cv_host=x86_64-apple-darwin17.5.0
ac_cv_objc_compiler_gnu=yes
ac_cv_objext=o
ac_cv_path_EGREP='/usr/bin/grep -E'
ac_cv_path_FGREP='/usr/bin/grep -F'
ac_cv_path_GREP=/usr/bin/grep
ac_cv_path_SDL_CONFIG=no
ac_cv_path_SED=/usr/bin/sed
ac_cv_path_install='/usr/bin/install -c'
ac_cv_prog_AWK=awk
ac_cv_prog_CPP='gcc -E'
ac_cv_prog_ac_ct_AR=ar
ac_cv_prog_ac_ct_CC=gcc
ac_cv_prog_ac_ct_DSYMUTIL=dsymutil
ac_cv_prog_ac_ct_LIPO=lipo
ac_cv_prog_ac_ct_NMEDIT=nmedit
ac_cv_prog_ac_ct_OBJC=gcc
ac_cv_prog_ac_ct_OBJDUMP=objdump
ac_cv_prog_ac_ct_OTOOL=otool
ac_cv_prog_ac_ct_RANLIB=ranlib
ac_cv_prog_ac_ct_STRIP=strip
ac_cv_prog_cc_c89=
ac_cv_prog_cc_g=yes
ac_cv_prog_make_make_set=yes
ac_cv_prog_objc_g=yes
ac_cv_sizeof_long=8
am_cv_CC_dependencies_compiler_type=gcc3
am_cv_OBJC_dependencies_compiler_type=gcc3
am_cv_make_support_nested_variables=yes
am_cv_prog_cc_c_o=yes
lt_cv_apple_cc_single_mod=yes
lt_cv_ar_at_file=no
lt_cv_deplibs_check_method=pass_all
lt_cv_file_magic_cmd='$MAGIC_CMD'
lt_cv_file_magic_test_file=
lt_cv_ld_exported_symbols_list=yes
lt_cv_ld_force_load=no
lt_cv_ld_reload_flag=-r
lt_cv_nm_interface='BSD nm'
lt_cv_objdir=.libs
lt_cv_path_LD=/Applications/Xcode.app/Contents/Developer/Toolchains/XcodeDefault.xctoolchain/usr/bin/ld
lt_cv_path_NM='/usr/bin/nm -B'
lt_cv_path_mainfest_tool=no
lt_cv_prog_compiler_c_o=yes
lt_cv_prog_compiler_pic='-fno-common -DPIC'
lt_cv_prog_compiler_pic_works=yes
lt_cv_prog_compiler_rtti_exceptions=yes
lt_cv_prog_compiler_static_works=no
lt_cv_prog_gnu_ld=no
lt_cv_sharedlib_from_linklib_cmd='printf %s\n'
lt_cv_sys_global_symbol_pipe='sed -n -e '\''s/^.*[	 ]\([BCDEGRST][BCDEGRST]*\)[	 ][	 ]*_\([_A-Za-z][_A-Za-z0-9]*\)$/\1 _\2 \2/p'\'' | sed '\''/ __gnu_lto/d'\'''
lt_cv_sys_global_symbol_to_c_name_address='sed -n -e '\''s/^: \([^ ]*\)[ ]*$/  {\"\1\", (void *) 0},/p'\'' -e '\''s/^[BCDEGRST]* \([^ ]*\) \([^ ]*\)$/  {"\2", (void *) \&\2},/p'\'''
lt_cv_sys_global_symbol_to_c_name_address_lib_prefix='sed -n -e '\''s/^: \([^ ]*\)[ ]*$/  {\"\1\", (void *) 0},/p'\'' -e '\''s/^[BCDEGRST]* \([^ ]*\) \(lib[^ ]*\)$/  {"\2", (void *) \&\2},/p'\'' -e '\''s/^[BCDEGRST]* \([^ ]*\) \([^ ]*\)$/  {"lib\2", (void *) \&\2},/p'\'''
lt_cv_sys_global_symbol_to_cdecl='sed -n -e '\''s/^T .* \(.*\)$/extern int \1();/p'\'' -e '\''s/^[BCDEGRST]* .* \(.*\)$/extern char \1;/p'\'''
lt_cv_sys_max_cmd_len=196608
lt_cv_to_host_file_cmd=func_convert_file_noop
lt_cv_to_tool_file_cmd=func_convert_file_noop

## ----------------- ##
## Output variables. ##
## ----------------- ##

ACLOCAL='aclocal-1.16'
AMDEPBACKSLASH='\'
AMDEP_FALSE='#'
AMDEP_TRUE=''
AMTAR='$${TAR-tar}'
AM_BACKSLASH='\'
AM_DEFAULT_V='$(AM_DEFAULT_VERBOSITY)'
AM_DEFAULT_VERBOSITY='1'
AM_V='$(V)'
AR='ar'
AS='as'
AUTOCONF='autoconf'
AUTOHEADER='autoheader'
AUTOMAKE='automake-1.16'
AWK='awk'
BINARY_AGE='2'
CC='gcc'
CCDEPMODE='depmode=gcc3'
CFLAGS='-g -O2 -O -DUSE_MMX'
CPP='gcc -E'
CPPFLAGS=''
CYGPATH_W='echo'
DEFS=''
DEPDIR='.deps'
DLLTOOL='false'
DSYMUTIL='dsymutil'
DUMPBIN=''
ECHO_C='\c'
ECHO_N=''
ECHO_T=''
EGREP='/usr/bin/grep -E'
EXEEXT=''
FGREP='/usr/bin/grep -F'
GREP='/usr/bin/grep'
INSTALL_DATA='${INSTALL} -m 644'
INSTALL_PROGRAM='${INSTALL}'
INSTALL_SCRIPT='${INSTALL}'
INSTALL_STRIP_PROGRAM='$(install_sh) -c -s'
INTERFACE_AGE='2'
LD='/Applications/Xcode.app/Contents/Developer/Toolchains/XcodeDefault.xctoolchain/usr/bin/ld'
LDFLAGS=''
LIBOBJS=''
LIBS=''
LIBTOOL='$(SHELL) $(top_builddir)/libtool'
LIPO='lipo'
LN_S='ln -s'
LTLIBOBJS=''
LT_AGE='0'
LT_CURRENT='0'
LT_RELEASE='1.0'
LT_REVISION='2'
MAJOR_VERSION='1'
MAKEINFO='makeinfo'
MANIFEST_TOOL=':'
MICRO_VERSION='2'
MINOR_VERSION='0'
MKDIR_P='./install-sh -c -d'
NM='/usr/bin/nm -B'
NMEDIT='nmedit'
OBJC='gcc'
OBJCDEPMODE='depmode=gcc3'
OBJCFLAGS='-g -O2'
OBJDUMP='objdump'
OBJEXT='o'
OTOOL64=':'
OTOOL='otool'
PACKAGE='SDL2_gfx'
PACKAGE_BUGREPORT=''
PACKAGE_NAME=''
PACKAGE_STRING=''
PACKAGE_TARNAME=''
PACKAGE_URL=''
PACKAGE_VERSION=''
PATH_SEPARATOR=':'
PKG_CONFIG=''
RANLIB='ranlib'
SDL_CFLAGS=''
SDL_CONFIG='no'
SDL_LIBS=''
SDL_VERSION='2.0.0'
SED='/usr/bin/sed'
SET_MAKE=''
SHELL='/bin/sh'
STRIP='strip'
VERSION='1.0.2'
WINDRES=''
ac_ct_AR='ar'
ac_ct_CC='gcc'
ac_ct_DUMPBIN=''
ac_ct_OBJC='gcc'
am__EXEEXT_FALSE=''
am__EXEEXT_TRUE=''
am__fastdepCC_FALSE='#'
am__fastdepCC_TRUE=''
am__fastdepOBJC_FALSE='#'
am__fastdepOBJC_TRUE=''
am__include='include'
am__isrc=''
am__leading_dot='.'
am__nodep='_no'
am__quote=''
am__tar='$${TAR-tar} chof - "$$tardir"'
am__untar='$${TAR-tar} xf -'
bindir='${exec_prefix}/bin'
build='x86_64-apple-darwin17.5.0'
build_alias=''
build_cpu='x86_64'
build_os='darwin17.5.0'
build_vendor='apple'
datadir='${datarootdir}'
datarootdir='${prefix}/share'
docdir='${datarootdir}/doc/${PACKAGE}'
dvidir='${docdir}'
exec_prefix='NONE'
host='x86_64-apple-darwin17.5.0'
host_alias=''
host_cpu='x86_64'
host_os='darwin17.5.0'
host_vendor='apple'
htmldir='${docdir}'
includedir='${prefix}/include'
infodir='${datarootdir}/info'
install_sh='${SHELL} /Users/ceverett/phoenix-dependencies/SDL2_gfx-1.0.4/install-sh'
libdir='${exec_prefix}/lib'
libexecdir='${exec_prefix}/libexec'
localedir='${datarootdir}/locale'
localstatedir='${prefix}/var'
mandir='${datarootdir}/man'
mkdir_p='$(MKDIR_P)'
oldincludedir='/usr/include'
pdfdir='${docdir}'
prefix='NONE'
program_transform_name='s,x,x,'
psdir='${docdir}'
sbindir='${exec_prefix}/sbin'
sharedstatedir='${prefix}/com'
sysconfdir='${prefix}/etc'
target_alias=''

## ----------- ##
## confdefs.h. ##
## ----------- ##

/* confdefs.h */
#define PACKAGE_NAME ""
#define PACKAGE_TARNAME ""
#define PACKAGE_VERSION ""
#define PACKAGE_STRING ""
#define PACKAGE_BUGREPORT ""
#define PACKAGE_URL ""
#define STDC_HEADERS 1
#define HAVE_SYS_TYPES_H 1
#define HAVE_SYS_STAT_H 1
#define HAVE_STDLIB_H 1
#define HAVE_STRING_H 1
#define HAVE_MEMORY_H 1
#define HAVE_STRINGS_H 1
#define HAVE_INTTYPES_H 1
#define HAVE_STDINT_H 1
#define HAVE_UNISTD_H 1
#define HAVE_DLFCN_H 1
#define LT_OBJDIR ".libs/"
#define PACKAGE "SDL2_gfx"
#define VERSION "1.0.2"
#define SIZEOF_LONG 8

configure: exit 1
